<?xml version="1.0" encoding="UTF-8"?>
<testng-results skipped="0" failed="0" total="1" passed="1">
  <reporter-output>
  </reporter-output>
  <suite name="Default suite" duration-ms="67" started-at="2017-04-19T19:52:16Z" finished-at="2017-04-19T19:52:16Z">
    <groups>
    </groups>
    <test name="Default test" duration-ms="67" started-at="2017-04-19T19:52:16Z" finished-at="2017-04-19T19:52:16Z">
      <class name="practice.UnitTest1">
        <test-method status="PASS" signature="TestMethod1()[pri:0, instance:practice.UnitTest1@5afa04c]" name="TestMethod1" duration-ms="16" started-at="2017-04-20T01:22:16Z" finished-at="2017-04-20T01:22:16Z">
          <reporter-output>
          </reporter-output>
        </test-method> <!-- TestMethod1 -->
      </class> <!-- practice.UnitTest1 -->
    </test> <!-- Default test -->
  </suite> <!-- Default suite -->
</testng-results>
